Using pre-set license
Built from '2020.3/staging' branch; Version is '2020.3.11f1 (99c7afb366b3) revision 10078127'; Using compiler version '192528614'; Build Type 'Release'
OS: 'Windows 10 Home; OS build 19043.1052; Version 2009; 64bit' Language: 'en' Physical Memory: 16145 MB
BatchMode: 1, IsHumanControllingUs: 0, StartBugReporterOnCrash: 0, Is64bit: 1, IsPro: 0

 COMMAND LINE ARGUMENTS:
C:\Program Files\Unity\Hub\Editor\2020.3.11f1\Editor\Unity.exe
-adb2
-batchMode
-noUpm
-name
AssetImportWorker0
-projectPath
C:/Users/dalto/OneDrive/Documents/Unity/YouControl2
-logFile
Logs/AssetImportWorker0.log
-srvPort
62063
Successfully changed project path to: C:/Users/dalto/OneDrive/Documents/Unity/YouControl2
C:/Users/dalto/OneDrive/Documents/Unity/YouControl2
Using Asset Import Pipeline V2.
Refreshing native plugins compatible for Editor in 39.55 ms, found 3 plugins.
Preloading 0 native plugins for Editor in 0.00 ms.
Initialize engine version: 2020.3.11f1 (99c7afb366b3)
[Subsystems] Discovering subsystems at path C:/Program Files/Unity/Hub/Editor/2020.3.11f1/Editor/Data/Resources/UnitySubsystems
[Subsystems] Discovering subsystems at path C:/Users/dalto/OneDrive/Documents/Unity/YouControl2/Assets
GfxDevice: creating device client; threaded=0
Direct3D:
    Version:  Direct3D 11.0 [level 11.1]
    Renderer: NVIDIA GeForce RTX 2060 (ID=0x1f15)
    Vendor:   
    VRAM:     5980 MB
    Driver:   27.21.14.6231
Initialize mono
Mono path[0] = 'C:/Program Files/Unity/Hub/Editor/2020.3.11f1/Editor/Data/Managed'
Mono path[1] = 'C:/Program Files/Unity/Hub/Editor/2020.3.11f1/Editor/Data/MonoBleedingEdge/lib/mono/unityjit'
Mono config path = 'C:/Program Files/Unity/Hub/Editor/2020.3.11f1/Editor/Data/MonoBleedingEdge/etc'
Using monoOptions --debugger-agent=transport=dt_socket,embedding=1,server=y,suspend=n,address=127.0.0.1:56408
Begin MonoManager ReloadAssembly
Registering precompiled unity dll's ...
Register platform support module: C:/Program Files/Unity/Hub/Editor/2020.3.11f1/Editor/Data/PlaybackEngines/WebGLSupport/UnityEditor.WebGL.Extensions.dll
Register platform support module: C:/Program Files/Unity/Hub/Editor/2020.3.11f1/Editor/Data/PlaybackEngines/WindowsStandaloneSupport/UnityEditor.WindowsStandalone.Extensions.dll
Registered in 0.002543 seconds.
Native extension for WindowsStandalone target not found
Native extension for WebGL target not found
Refreshing native plugins compatible for Editor in 33.45 ms, found 3 plugins.
Preloading 0 native plugins for Editor in 0.00 ms.
Mono: successfully reloaded assembly
- Completed reload, in  1.218 seconds
Platform modules already initialized, skipping
Registering precompiled user dll's ...
Registered in 0.006307 seconds.
Begin MonoManager ReloadAssembly
Native extension for WindowsStandalone target not found
Native extension for WebGL target not found
Refreshing native plugins compatible for Editor in 38.14 ms, found 3 plugins.
Preloading 0 native plugins for Editor in 0.00 ms.
Mono: successfully reloaded assembly
- Completed reload, in  1.086 seconds
Platform modules already initialized, skipping
========================================================================
Worker process is ready to serve import requests
Launched and connected shader compiler UnityShaderCompiler.exe after 0.04 seconds
Refreshing native plugins compatible for Editor in 0.41 ms, found 3 plugins.
Preloading 0 native plugins for Editor in 0.00 ms.
Unloading 2229 Unused Serialized files (Serialized files now loaded: 0)
System memory in use before: 97.7 MB.
System memory in use after: 97.7 MB.

Unloading 34 unused Assets to reduce memory usage. Loaded Objects now: 2663.
Total: 2.259800 ms (FindLiveObjects: 0.216700 ms CreateObjectMapping: 0.092800 ms MarkObjects: 1.834800 ms  DeleteObjects: 0.114600 ms)

========================================================================
Received Import Request.
  path: Assets/Scenes/Tutorial.unity
  artifactKey: Guid(6c64076e8caffa143a3d3b285e285e9a) Importer(815301076,1909f56bfc062723c751e8b465ee728b)
Start importing Assets/Scenes/Tutorial.unity using Guid(6c64076e8caffa143a3d3b285e285e9a) Importer(815301076,1909f56bfc062723c751e8b465ee728b)  -> (artifact id: '52156bda84e7f871a7ee0dbf9057e7ae') in 0.013617 seconds
  Import took 0.018829 seconds .

========================================================================
Received Import Request.
  Time since last request: 11.532973 seconds.
  path: Assets/Prefabs/MoveableBlock.prefab
  artifactKey: Guid(98527b2a8bb3cbb439ac73c328bc3d22) Importer(815301076,1909f56bfc062723c751e8b465ee728b)
Start importing Assets/Prefabs/MoveableBlock.prefab using Guid(98527b2a8bb3cbb439ac73c328bc3d22) Importer(815301076,1909f56bfc062723c751e8b465ee728b)  -> (artifact id: '9e839a4b05731a8466f16c787429e009') in 0.075788 seconds
  Import took 0.081627 seconds .

========================================================================
Received Import Request.
  Time since last request: 0.000171 seconds.
  path: Assets/Prefabs/Player.prefab
  artifactKey: Guid(7a284f56c35968f40b2f7e073e5b4ff0) Importer(815301076,1909f56bfc062723c751e8b465ee728b)
Start importing Assets/Prefabs/Player.prefab using Guid(7a284f56c35968f40b2f7e073e5b4ff0) Importer(815301076,1909f56bfc062723c751e8b465ee728b)  -> (artifact id: 'cf8740149ffa224073ee667cb3e3654a') in 0.011698 seconds
  Import took 0.016233 seconds .

========================================================================
Received Import Request.
  Time since last request: 706.092430 seconds.
  path: Assets/Sprites/Wall.png
  artifactKey: Guid(823bbf3f61e636c4e8d5f99f5545fb0f) Importer(815301076,1909f56bfc062723c751e8b465ee728b)
Start importing Assets/Sprites/Wall.png using Guid(823bbf3f61e636c4e8d5f99f5545fb0f) Importer(815301076,1909f56bfc062723c751e8b465ee728b)  -> (artifact id: '44514d0ca7d703ab3b66961dbbff0e1d') in 0.064044 seconds
  Import took 0.069630 seconds .

========================================================================
Received Import Request.
  Time since last request: 253.460604 seconds.
  path: Assets/Sprites/Wall.png
  artifactKey: Guid(823bbf3f61e636c4e8d5f99f5545fb0f) Importer(815301076,1909f56bfc062723c751e8b465ee728b)
Start importing Assets/Sprites/Wall.png using Guid(823bbf3f61e636c4e8d5f99f5545fb0f) Importer(815301076,1909f56bfc062723c751e8b465ee728b)  -> (artifact id: '3258f6f33f2b9fe5e1b8878fd9e42c2f') in 0.009280 seconds
  Import took 0.014731 seconds .

========================================================================
Received Import Request.
  Time since last request: 0.000503 seconds.
  path: Assets/Sprites/Wall.png
  artifactKey: Guid(823bbf3f61e636c4e8d5f99f5545fb0f) Importer(815301076,1909f56bfc062723c751e8b465ee728b)
Start importing Assets/Sprites/Wall.png using Guid(823bbf3f61e636c4e8d5f99f5545fb0f) Importer(815301076,1909f56bfc062723c751e8b465ee728b)  -> (artifact id: '3258f6f33f2b9fe5e1b8878fd9e42c2f') in 0.007700 seconds
  Import took 0.012251 seconds .

========================================================================
Received Import Request.
  Time since last request: 393.199771 seconds.
  path: Assets/Sprites/Wall.png
  artifactKey: Guid(823bbf3f61e636c4e8d5f99f5545fb0f) Importer(815301076,1909f56bfc062723c751e8b465ee728b)
Start importing Assets/Sprites/Wall.png using Guid(823bbf3f61e636c4e8d5f99f5545fb0f) Importer(815301076,1909f56bfc062723c751e8b465ee728b)  -> (artifact id: '3f86c4a91b40adddbd883a2a8de88373') in 0.012112 seconds
  Import took 0.018780 seconds .

========================================================================
Received Import Request.
  Time since last request: 7.848974 seconds.
  path: Assets/Sprites/Wall.png
  artifactKey: Guid(823bbf3f61e636c4e8d5f99f5545fb0f) Importer(815301076,1909f56bfc062723c751e8b465ee728b)
Start importing Assets/Sprites/Wall.png using Guid(823bbf3f61e636c4e8d5f99f5545fb0f) Importer(815301076,1909f56bfc062723c751e8b465ee728b)  -> (artifact id: 'de4b276d8fb9a9dac058af7777503f60') in 0.007052 seconds
  Import took 0.012309 seconds .

========================================================================
Received Import Request.
  Time since last request: 40.528519 seconds.
  path: Assets/Sprites/Wall.png
  artifactKey: Guid(823bbf3f61e636c4e8d5f99f5545fb0f) Importer(815301076,1909f56bfc062723c751e8b465ee728b)
Start importing Assets/Sprites/Wall.png using Guid(823bbf3f61e636c4e8d5f99f5545fb0f) Importer(815301076,1909f56bfc062723c751e8b465ee728b)  -> (artifact id: 'd74752c54856dfe7670adcc202359efd') in 0.012120 seconds
  Import took 0.018213 seconds .

========================================================================
Received Import Request.
  Time since last request: 278.398933 seconds.
  path: Assets/Sprites/Wall.png
  artifactKey: Guid(823bbf3f61e636c4e8d5f99f5545fb0f) Importer(815301076,1909f56bfc062723c751e8b465ee728b)
Start importing Assets/Sprites/Wall.png using Guid(823bbf3f61e636c4e8d5f99f5545fb0f) Importer(815301076,1909f56bfc062723c751e8b465ee728b)  -> (artifact id: 'abbffbbb40b3b1d82352c4359eeab7ab') in 0.013134 seconds
  Import took 0.018492 seconds .

========================================================================
Received Import Request.
  Time since last request: 23.762677 seconds.
  path: Assets/Sprites/Wall.png
  artifactKey: Guid(823bbf3f61e636c4e8d5f99f5545fb0f) Importer(815301076,1909f56bfc062723c751e8b465ee728b)
Start importing Assets/Sprites/Wall.png using Guid(823bbf3f61e636c4e8d5f99f5545fb0f) Importer(815301076,1909f56bfc062723c751e8b465ee728b)  -> (artifact id: '725b51de35fde412ad52fcf3eb94c8a8') in 0.019531 seconds
  Import took 0.025333 seconds .

========================================================================
Received Import Request.
  Time since last request: 103.910487 seconds.
  path: Assets/Sprites/Wall.png
  artifactKey: Guid(823bbf3f61e636c4e8d5f99f5545fb0f) Importer(815301076,1909f56bfc062723c751e8b465ee728b)
Start importing Assets/Sprites/Wall.png using Guid(823bbf3f61e636c4e8d5f99f5545fb0f) Importer(815301076,1909f56bfc062723c751e8b465ee728b)  -> (artifact id: '548cc56851618d54d00b3f13b5363c62') in 0.021185 seconds
  Import took 0.028390 seconds .

========================================================================
Received Import Request.
  Time since last request: 10.279822 seconds.
  path: Assets/Sprites/Wall.png
  artifactKey: Guid(823bbf3f61e636c4e8d5f99f5545fb0f) Importer(815301076,1909f56bfc062723c751e8b465ee728b)
Start importing Assets/Sprites/Wall.png using Guid(823bbf3f61e636c4e8d5f99f5545fb0f) Importer(815301076,1909f56bfc062723c751e8b465ee728b)  -> (artifact id: '2ca07e439e8906b891b66d81431b5bd7') in 0.027185 seconds
  Import took 0.032939 seconds .

========================================================================
Received Import Request.
  Time since last request: 92.383287 seconds.
  path: Assets/Sprites/Wall.png
  artifactKey: Guid(823bbf3f61e636c4e8d5f99f5545fb0f) Importer(815301076,1909f56bfc062723c751e8b465ee728b)
Start importing Assets/Sprites/Wall.png using Guid(823bbf3f61e636c4e8d5f99f5545fb0f) Importer(815301076,1909f56bfc062723c751e8b465ee728b)  -> (artifact id: 'ae94c617b4e7f7ca5535eaed72369ac4') in 0.028097 seconds
  Import took 0.032275 seconds .

========================================================================
Received Import Request.
  Time since last request: 2022.863325 seconds.
  path: Assets/Sprites/Wall.png
  artifactKey: Guid(823bbf3f61e636c4e8d5f99f5545fb0f) Importer(815301076,1909f56bfc062723c751e8b465ee728b)
Start importing Assets/Sprites/Wall.png using Guid(823bbf3f61e636c4e8d5f99f5545fb0f) Importer(815301076,1909f56bfc062723c751e8b465ee728b)  -> (artifact id: '2085876be37011a3af37af7e5d3ddec6') in 0.025714 seconds
  Import took 0.031447 seconds .

========================================================================
Received Import Request.
  Time since last request: 12.589138 seconds.
  path: Assets/Sprites/Wall.png
  artifactKey: Guid(823bbf3f61e636c4e8d5f99f5545fb0f) Importer(815301076,1909f56bfc062723c751e8b465ee728b)
Start importing Assets/Sprites/Wall.png using Guid(823bbf3f61e636c4e8d5f99f5545fb0f) Importer(815301076,1909f56bfc062723c751e8b465ee728b)  -> (artifact id: '92c0431b92e3556b79c603ae3ac90d78') in 0.035097 seconds
  Import took 0.039848 seconds .

========================================================================
Received Import Request.
  Time since last request: 20.933767 seconds.
  path: Assets/Sprites/Wall_0.asset
  artifactKey: Guid(ec9b8c91307fa4243968642a2b90615d) Importer(815301076,1909f56bfc062723c751e8b465ee728b)
Start importing Assets/Sprites/Wall_0.asset using Guid(ec9b8c91307fa4243968642a2b90615d) Importer(815301076,1909f56bfc062723c751e8b465ee728b)  -> (artifact id: '90f43e08e8acdaa6ad0e7d261dc0c2dd') in 0.019436 seconds
  Import took 0.023218 seconds .

========================================================================
Received Import Request.
  Time since last request: 0.000206 seconds.
  path: Assets/Sprites/Wall_3.asset
  artifactKey: Guid(b3575d48fd882eb43ac9278a5b38c9c9) Importer(815301076,1909f56bfc062723c751e8b465ee728b)
Start importing Assets/Sprites/Wall_3.asset using Guid(b3575d48fd882eb43ac9278a5b38c9c9) Importer(815301076,1909f56bfc062723c751e8b465ee728b)  -> (artifact id: '0688d9e2960d256a677fa5d8e0fd7e82') in 0.008477 seconds
  Import took 0.013420 seconds .

========================================================================
Received Import Request.
  Time since last request: 0.000249 seconds.
  path: Assets/Sprites/Wall_9.asset
  artifactKey: Guid(dd7d06db01495614c8f5b02adc1d0947) Importer(815301076,1909f56bfc062723c751e8b465ee728b)
Start importing Assets/Sprites/Wall_9.asset using Guid(dd7d06db01495614c8f5b02adc1d0947) Importer(815301076,1909f56bfc062723c751e8b465ee728b)  -> (artifact id: '80998b6d1bb5498693c794b019450730') in 0.007613 seconds
  Import took 0.012008 seconds .

========================================================================
Received Import Request.
  Time since last request: 0.000347 seconds.
  path: Assets/Sprites/Wall_4.asset
  artifactKey: Guid(7c01aa9e644797144893fcc58d7cc394) Importer(815301076,1909f56bfc062723c751e8b465ee728b)
Start importing Assets/Sprites/Wall_4.asset using Guid(7c01aa9e644797144893fcc58d7cc394) Importer(815301076,1909f56bfc062723c751e8b465ee728b)  -> (artifact id: 'd0667e05a75c5d980557dc8f2396bb66') in 0.008630 seconds
  Import took 0.012655 seconds .

========================================================================
Received Import Request.
  Time since last request: 0.000244 seconds.
  path: Assets/Sprites/Wall_8.asset
  artifactKey: Guid(ccfc5c1b2babe1148b8cb8fc966e2e83) Importer(815301076,1909f56bfc062723c751e8b465ee728b)
Start importing Assets/Sprites/Wall_8.asset using Guid(ccfc5c1b2babe1148b8cb8fc966e2e83) Importer(815301076,1909f56bfc062723c751e8b465ee728b)  -> (artifact id: '3b69a5967c63e85e5de0b01112adafab') in 0.008617 seconds
  Import took 0.012760 seconds .

========================================================================
Received Import Request.
  Time since last request: 0.000217 seconds.
  path: Assets/Sprites/Wall_1.asset
  artifactKey: Guid(364a8ebf203919c479c859c47ee2713a) Importer(815301076,1909f56bfc062723c751e8b465ee728b)
Start importing Assets/Sprites/Wall_1.asset using Guid(364a8ebf203919c479c859c47ee2713a) Importer(815301076,1909f56bfc062723c751e8b465ee728b)  -> (artifact id: '7f35a451730978d33b453aff37c2b1d8') in 0.008011 seconds
  Import took 0.011836 seconds .

========================================================================
Received Import Request.
  Time since last request: 0.000166 seconds.
  path: Assets/Sprites/Wall_10.asset
  artifactKey: Guid(735f9d9978d9fd74087016d662fb5ea1) Importer(815301076,1909f56bfc062723c751e8b465ee728b)
Start importing Assets/Sprites/Wall_10.asset using Guid(735f9d9978d9fd74087016d662fb5ea1) Importer(815301076,1909f56bfc062723c751e8b465ee728b)  -> (artifact id: 'c3808f61e576e28ee9ec95efa1141144') in 0.009783 seconds
  Import took 0.013718 seconds .

========================================================================
Received Import Request.
  Time since last request: 0.000159 seconds.
  path: Assets/Sprites/Wall_7.asset
  artifactKey: Guid(be5651359fa75d042bf04144bdf49883) Importer(815301076,1909f56bfc062723c751e8b465ee728b)
Start importing Assets/Sprites/Wall_7.asset using Guid(be5651359fa75d042bf04144bdf49883) Importer(815301076,1909f56bfc062723c751e8b465ee728b)  -> (artifact id: 'c17418e50e0966ca223e957d9d32ec56') in 0.009272 seconds
  Import took 0.013607 seconds .

========================================================================
Received Import Request.
  Time since last request: 0.000161 seconds.
  path: Assets/Sprites/Wall_11.asset
  artifactKey: Guid(9102048cee6c1f148852fd0baf4c1042) Importer(815301076,1909f56bfc062723c751e8b465ee728b)
Start importing Assets/Sprites/Wall_11.asset using Guid(9102048cee6c1f148852fd0baf4c1042) Importer(815301076,1909f56bfc062723c751e8b465ee728b)  -> (artifact id: 'c7c19ea15fbe5dcb797560cda73f9c2f') in 0.008122 seconds
  Import took 0.012169 seconds .

========================================================================
Received Import Request.
  Time since last request: 0.000222 seconds.
  path: Assets/Sprites/Wall_6.asset
  artifactKey: Guid(e562f9e409990924ea956ba62aed565a) Importer(815301076,1909f56bfc062723c751e8b465ee728b)
Start importing Assets/Sprites/Wall_6.asset using Guid(e562f9e409990924ea956ba62aed565a) Importer(815301076,1909f56bfc062723c751e8b465ee728b)  -> (artifact id: '96bade80db3af5f456acf10f05e95c1c') in 0.012321 seconds
  Import took 0.016846 seconds .

========================================================================
Received Import Request.
  Time since last request: 0.000281 seconds.
  path: Assets/Sprites/Wall_12.asset
  artifactKey: Guid(989ded44cf8f5004f99cf6bd91e00e9a) Importer(815301076,1909f56bfc062723c751e8b465ee728b)
Start importing Assets/Sprites/Wall_12.asset using Guid(989ded44cf8f5004f99cf6bd91e00e9a) Importer(815301076,1909f56bfc062723c751e8b465ee728b)  -> (artifact id: 'f30625d5b178fcbeaa73ec0948b6f807') in 0.008180 seconds
  Import took 0.012453 seconds .

========================================================================
Received Import Request.
  Time since last request: 0.000155 seconds.
  path: Assets/Sprites/Wall_2.asset
  artifactKey: Guid(6df4237d46e69984cbc8ecd3a7c1b93d) Importer(815301076,1909f56bfc062723c751e8b465ee728b)
Start importing Assets/Sprites/Wall_2.asset using Guid(6df4237d46e69984cbc8ecd3a7c1b93d) Importer(815301076,1909f56bfc062723c751e8b465ee728b)  -> (artifact id: '951c88cbdc7b5175a225e0a037b8b9da') in 0.008052 seconds
  Import took 0.011636 seconds .

========================================================================
Received Import Request.
  Time since last request: 0.000158 seconds.
  path: Assets/Sprites/Wall_5.asset
  artifactKey: Guid(797ccf346012c8949952ef3427a8a4e4) Importer(815301076,1909f56bfc062723c751e8b465ee728b)
Start importing Assets/Sprites/Wall_5.asset using Guid(797ccf346012c8949952ef3427a8a4e4) Importer(815301076,1909f56bfc062723c751e8b465ee728b)  -> (artifact id: '491017a1bbd04157d59328e158b629d0') in 0.007522 seconds
  Import took 0.010857 seconds .

========================================================================
Received Import Request.
  Time since last request: 0.000311 seconds.
  path: Assets/Sprites/Wall_13.asset
  artifactKey: Guid(8212affa3cd1c3e4e838d16f6e09f972) Importer(815301076,1909f56bfc062723c751e8b465ee728b)
Start importing Assets/Sprites/Wall_13.asset using Guid(8212affa3cd1c3e4e838d16f6e09f972) Importer(815301076,1909f56bfc062723c751e8b465ee728b)  -> (artifact id: 'f580b88395b114a3206c93be91138560') in 0.007983 seconds
  Import took 0.011735 seconds .

========================================================================
Received Prepare
Registering precompiled user dll's ...
Registered in 0.007378 seconds.
Begin MonoManager ReloadAssembly
Native extension for WindowsStandalone target not found
Native extension for WebGL target not found
Refreshing native plugins compatible for Editor in 0.42 ms, found 3 plugins.
Preloading 0 native plugins for Editor in 0.00 ms.
Mono: successfully reloaded assembly
- Completed reload, in  1.101 seconds
Platform modules already initialized, skipping
Refreshing native plugins compatible for Editor in 0.77 ms, found 3 plugins.
Preloading 0 native plugins for Editor in 0.00 ms.
Unloading 2222 Unused Serialized files (Serialized files now loaded: 0)
System memory in use before: 100.8 MB.
System memory in use after: 100.7 MB.

Unloading 22 unused Assets to reduce memory usage. Loaded Objects now: 2683.
Total: 2.268500 ms (FindLiveObjects: 0.315100 ms CreateObjectMapping: 0.145700 ms MarkObjects: 1.695700 ms  DeleteObjects: 0.111000 ms)

========================================================================
Received Prepare
Registering precompiled user dll's ...
Registered in 0.007524 seconds.
Begin MonoManager ReloadAssembly
Native extension for WindowsStandalone target not found
Native extension for WebGL target not found
Refreshing native plugins compatible for Editor in 0.73 ms, found 3 plugins.
Preloading 0 native plugins for Editor in 0.00 ms.
Mono: successfully reloaded assembly
- Completed reload, in  0.993 seconds
Platform modules already initialized, skipping
Refreshing native plugins compatible for Editor in 0.41 ms, found 3 plugins.
Preloading 0 native plugins for Editor in 0.00 ms.
Unloading 2222 Unused Serialized files (Serialized files now loaded: 0)
System memory in use before: 100.8 MB.
System memory in use after: 100.8 MB.

Unloading 22 unused Assets to reduce memory usage. Loaded Objects now: 2687.
Total: 2.586200 ms (FindLiveObjects: 0.187700 ms CreateObjectMapping: 0.076600 ms MarkObjects: 2.200800 ms  DeleteObjects: 0.120100 ms)

========================================================================
Received Prepare
Registering precompiled user dll's ...
Registered in 0.007725 seconds.
Begin MonoManager ReloadAssembly
Native extension for WindowsStandalone target not found
Native extension for WebGL target not found
Refreshing native plugins compatible for Editor in 0.53 ms, found 3 plugins.
Preloading 0 native plugins for Editor in 0.00 ms.
Mono: successfully reloaded assembly
- Completed reload, in  0.962 seconds
Platform modules already initialized, skipping
Refreshing native plugins compatible for Editor in 0.40 ms, found 3 plugins.
Preloading 0 native plugins for Editor in 0.00 ms.
Unloading 2222 Unused Serialized files (Serialized files now loaded: 0)
System memory in use before: 100.8 MB.
System memory in use after: 100.8 MB.

Unloading 22 unused Assets to reduce memory usage. Loaded Objects now: 2691.
Total: 2.180900 ms (FindLiveObjects: 0.195200 ms CreateObjectMapping: 0.087400 ms MarkObjects: 1.798600 ms  DeleteObjects: 0.098900 ms)

========================================================================
Received Prepare
Registering precompiled user dll's ...
Registered in 0.007172 seconds.
Begin MonoManager ReloadAssembly
Native extension for WindowsStandalone target not found
Native extension for WebGL target not found
Refreshing native plugins compatible for Editor in 0.40 ms, found 3 plugins.
Preloading 0 native plugins for Editor in 0.00 ms.
Mono: successfully reloaded assembly
- Completed reload, in  0.966 seconds
Platform modules already initialized, skipping
Refreshing native plugins compatible for Editor in 0.42 ms, found 3 plugins.
Preloading 0 native plugins for Editor in 0.00 ms.
Unloading 2222 Unused Serialized files (Serialized files now loaded: 0)
System memory in use before: 100.8 MB.
System memory in use after: 100.8 MB.

Unloading 22 unused Assets to reduce memory usage. Loaded Objects now: 2695.
Total: 1.976900 ms (FindLiveObjects: 0.184100 ms CreateObjectMapping: 0.080600 ms MarkObjects: 1.622200 ms  DeleteObjects: 0.089400 ms)

========================================================================
Received Prepare
Registering precompiled user dll's ...
Registered in 0.006641 seconds.
Begin MonoManager ReloadAssembly
Native extension for WindowsStandalone target not found
Native extension for WebGL target not found
Refreshing native plugins compatible for Editor in 0.41 ms, found 3 plugins.
Preloading 0 native plugins for Editor in 0.00 ms.
Mono: successfully reloaded assembly
- Completed reload, in  0.924 seconds
Platform modules already initialized, skipping
Refreshing native plugins compatible for Editor in 0.45 ms, found 3 plugins.
Preloading 0 native plugins for Editor in 0.00 ms.
Unloading 2222 Unused Serialized files (Serialized files now loaded: 0)
System memory in use before: 100.8 MB.
System memory in use after: 100.7 MB.

Unloading 22 unused Assets to reduce memory usage. Loaded Objects now: 2699.
Total: 1.888600 ms (FindLiveObjects: 0.168900 ms CreateObjectMapping: 0.072500 ms MarkObjects: 1.561600 ms  DeleteObjects: 0.084600 ms)

========================================================================
Received Prepare
Registering precompiled user dll's ...
Registered in 0.007374 seconds.
Begin MonoManager ReloadAssembly
Native extension for WindowsStandalone target not found
Native extension for WebGL target not found
Refreshing native plugins compatible for Editor in 0.89 ms, found 3 plugins.
Preloading 0 native plugins for Editor in 0.00 ms.
Mono: successfully reloaded assembly
- Completed reload, in  0.978 seconds
Platform modules already initialized, skipping
Refreshing native plugins compatible for Editor in 0.42 ms, found 3 plugins.
Preloading 0 native plugins for Editor in 0.00 ms.
Unloading 2222 Unused Serialized files (Serialized files now loaded: 0)
System memory in use before: 100.9 MB.
System memory in use after: 100.8 MB.

Unloading 22 unused Assets to reduce memory usage. Loaded Objects now: 2703.
Total: 2.209000 ms (FindLiveObjects: 0.232100 ms CreateObjectMapping: 0.116700 ms MarkObjects: 1.763400 ms  DeleteObjects: 0.096200 ms)

========================================================================
Received Prepare
Registering precompiled user dll's ...
Registered in 0.006899 seconds.
Begin MonoManager ReloadAssembly
Native extension for WindowsStandalone target not found
Native extension for WebGL target not found
Refreshing native plugins compatible for Editor in 0.51 ms, found 3 plugins.
Preloading 0 native plugins for Editor in 0.00 ms.
Mono: successfully reloaded assembly
- Completed reload, in  0.980 seconds
Platform modules already initialized, skipping
Refreshing native plugins compatible for Editor in 0.39 ms, found 3 plugins.
Preloading 0 native plugins for Editor in 0.00 ms.
Unloading 2222 Unused Serialized files (Serialized files now loaded: 0)
System memory in use before: 101.0 MB.
System memory in use after: 101.0 MB.

Unloading 22 unused Assets to reduce memory usage. Loaded Objects now: 2707.
Total: 2.394300 ms (FindLiveObjects: 0.398200 ms CreateObjectMapping: 0.133200 ms MarkObjects: 1.770900 ms  DeleteObjects: 0.091000 ms)

========================================================================
Received Prepare
Registering precompiled user dll's ...
Registered in 0.006975 seconds.
Begin MonoManager ReloadAssembly
Native extension for WindowsStandalone target not found
Native extension for WebGL target not found
Refreshing native plugins compatible for Editor in 0.50 ms, found 3 plugins.
Preloading 0 native plugins for Editor in 0.00 ms.
Mono: successfully reloaded assembly
- Completed reload, in  0.946 seconds
Platform modules already initialized, skipping
Refreshing native plugins compatible for Editor in 0.48 ms, found 3 plugins.
Preloading 0 native plugins for Editor in 0.00 ms.
Unloading 2222 Unused Serialized files (Serialized files now loaded: 0)
System memory in use before: 101.0 MB.
System memory in use after: 101.0 MB.

Unloading 22 unused Assets to reduce memory usage. Loaded Objects now: 2711.
Total: 2.171700 ms (FindLiveObjects: 0.200300 ms CreateObjectMapping: 0.081400 ms MarkObjects: 1.785900 ms  DeleteObjects: 0.103300 ms)

AssetImportWorkerClient::OnTransportError - code=2 error=End of file
